[github.com/flipped-aurora/gin-vue-admin/server]2023/11/27 - 00:34:00.517	[34minfo[0m	D:/学习/gin-vue-admin/GOVA/server/initialize/gorm.go:60	register table success
[github.com/flipped-aurora/gin-vue-admin/server]2023/11/27 - 00:34:00.616	[34minfo[0m	D:/学习/gin-vue-admin/GOVA/server/initialize/router.go:49	register swagger handler
[github.com/flipped-aurora/gin-vue-admin/server]2023/11/27 - 00:34:00.637	[34minfo[0m	D:/学习/gin-vue-admin/GOVA/server/initialize/router.go:96	router register success
[github.com/flipped-aurora/gin-vue-admin/server]2023/11/27 - 00:34:00.656	[34minfo[0m	D:/学习/gin-vue-admin/GOVA/server/core/server.go:41	server run success on 	{"address": ":8888"}
[github.com/flipped-aurora/gin-vue-admin/server]2023/11/27 - 11:22:50.185	[34minfo[0m	D:/学习/gin-vue-admin/GOVA/server/initialize/gorm.go:60	register table success
[github.com/flipped-aurora/gin-vue-admin/server]2023/11/27 - 11:22:50.287	[34minfo[0m	D:/学习/gin-vue-admin/GOVA/server/initialize/router.go:49	register swagger handler
[github.com/flipped-aurora/gin-vue-admin/server]2023/11/27 - 11:22:50.294	[34minfo[0m	D:/学习/gin-vue-admin/GOVA/server/initialize/router.go:96	router register success
[github.com/flipped-aurora/gin-vue-admin/server]2023/11/27 - 11:22:50.299	[34minfo[0m	D:/学习/gin-vue-admin/GOVA/server/core/server.go:41	server run success on 	{"address": ":8888"}
[github.com/flipped-aurora/gin-vue-admin/server]2023/11/27 - 11:54:57.486	[34minfo[0m	D:/学习/gin-vue-admin/GOVA/server/initialize/gorm.go:60	register table success
[github.com/flipped-aurora/gin-vue-admin/server]2023/11/27 - 11:54:57.575	[34minfo[0m	D:/学习/gin-vue-admin/GOVA/server/initialize/router.go:49	register swagger handler
[github.com/flipped-aurora/gin-vue-admin/server]2023/11/27 - 11:54:57.584	[34minfo[0m	D:/学习/gin-vue-admin/GOVA/server/initialize/router.go:96	router register success
[github.com/flipped-aurora/gin-vue-admin/server]2023/11/27 - 11:54:57.587	[34minfo[0m	D:/学习/gin-vue-admin/GOVA/server/core/server.go:41	server run success on 	{"address": ":8888"}
[github.com/flipped-aurora/gin-vue-admin/server]2023/11/27 - 11:57:43.073	[34minfo[0m	D:/学习/gin-vue-admin/GOVA/server/initialize/gorm.go:60	register table success
[github.com/flipped-aurora/gin-vue-admin/server]2023/11/27 - 11:57:43.075	[34minfo[0m	D:/学习/gin-vue-admin/GOVA/server/initialize/redis.go:23	redis connect ping response:	{"pong": "PONG"}
[github.com/flipped-aurora/gin-vue-admin/server]2023/11/27 - 11:57:43.076	[34minfo[0m	D:/学习/gin-vue-admin/GOVA/server/initialize/router.go:49	register swagger handler
[github.com/flipped-aurora/gin-vue-admin/server]2023/11/27 - 11:57:43.083	[34minfo[0m	D:/学习/gin-vue-admin/GOVA/server/initialize/router.go:96	router register success
[github.com/flipped-aurora/gin-vue-admin/server]2023/11/27 - 11:57:43.099	[34minfo[0m	D:/学习/gin-vue-admin/GOVA/server/core/server.go:41	server run success on 	{"address": ":8888"}
[github.com/flipped-aurora/gin-vue-admin/server]2023/11/27 - 15:35:50.843	[34minfo[0m	D:/学习/gin-vue-admin/GOVA/server/initialize/gorm.go:60	register table success
[github.com/flipped-aurora/gin-vue-admin/server]2023/11/27 - 15:35:50.937	[34minfo[0m	D:/学习/gin-vue-admin/GOVA/server/initialize/router.go:49	register swagger handler
[github.com/flipped-aurora/gin-vue-admin/server]2023/11/27 - 15:35:50.944	[34minfo[0m	D:/学习/gin-vue-admin/GOVA/server/initialize/router.go:96	router register success
[github.com/flipped-aurora/gin-vue-admin/server]2023/11/27 - 15:35:50.949	[34minfo[0m	D:/学习/gin-vue-admin/GOVA/server/core/server.go:41	server run success on 	{"address": ":8888"}
[github.com/flipped-aurora/gin-vue-admin/server]2023/11/27 - 18:36:43.838	[34minfo[0m	D:/学习/gin-vue-admin/GOVA/server/initialize/gorm.go:60	register table success
[github.com/flipped-aurora/gin-vue-admin/server]2023/11/27 - 18:36:43.941	[34minfo[0m	D:/学习/gin-vue-admin/GOVA/server/initialize/router.go:49	register swagger handler
[github.com/flipped-aurora/gin-vue-admin/server]2023/11/27 - 18:36:43.952	[34minfo[0m	D:/学习/gin-vue-admin/GOVA/server/initialize/router.go:96	router register success
[github.com/flipped-aurora/gin-vue-admin/server]2023/11/27 - 18:36:43.967	[34minfo[0m	D:/学习/gin-vue-admin/GOVA/server/core/server.go:41	server run success on 	{"address": ":8888"}
[github.com/flipped-aurora/gin-vue-admin/server]2023/11/27 - 22:59:31.050	[34minfo[0m	D:/学习/gin-vue-admin/GOVA/server/initialize/gorm.go:60	register table success
[github.com/flipped-aurora/gin-vue-admin/server]2023/11/27 - 22:59:31.149	[34minfo[0m	D:/学习/gin-vue-admin/GOVA/server/initialize/router.go:49	register swagger handler
[github.com/flipped-aurora/gin-vue-admin/server]2023/11/27 - 22:59:31.156	[34minfo[0m	D:/学习/gin-vue-admin/GOVA/server/initialize/router.go:96	router register success
[github.com/flipped-aurora/gin-vue-admin/server]2023/11/27 - 22:59:31.157	[34minfo[0m	D:/学习/gin-vue-admin/GOVA/server/core/server.go:41	server run success on 	{"address": ":8888"}
[github.com/flipped-aurora/gin-vue-admin/server]2023/11/27 - 23:06:01.132	[34minfo[0m	D:/学习/gin-vue-admin/GOVA/server/initialize/gorm.go:60	register table success
[github.com/flipped-aurora/gin-vue-admin/server]2023/11/27 - 23:06:01.233	[34minfo[0m	D:/学习/gin-vue-admin/GOVA/server/initialize/router.go:49	register swagger handler
[github.com/flipped-aurora/gin-vue-admin/server]2023/11/27 - 23:06:01.243	[34minfo[0m	D:/学习/gin-vue-admin/GOVA/server/initialize/router.go:96	router register success
[github.com/flipped-aurora/gin-vue-admin/server]2023/11/27 - 23:06:01.260	[34minfo[0m	D:/学习/gin-vue-admin/GOVA/server/core/server.go:41	server run success on 	{"address": ":8888"}
[github.com/flipped-aurora/gin-vue-admin/server]2023/11/27 - 23:07:05.145	[34minfo[0m	D:/学习/gin-vue-admin/GOVA/server/initialize/gorm.go:60	register table success
[github.com/flipped-aurora/gin-vue-admin/server]2023/11/27 - 23:07:05.235	[34minfo[0m	D:/学习/gin-vue-admin/GOVA/server/initialize/router.go:49	register swagger handler
[github.com/flipped-aurora/gin-vue-admin/server]2023/11/27 - 23:07:05.243	[34minfo[0m	D:/学习/gin-vue-admin/GOVA/server/initialize/router.go:96	router register success
[github.com/flipped-aurora/gin-vue-admin/server]2023/11/27 - 23:07:05.248	[34minfo[0m	D:/学习/gin-vue-admin/GOVA/server/core/server.go:41	server run success on 	{"address": ":8888"}
[github.com/flipped-aurora/gin-vue-admin/server]2023/11/27 - 23:09:58.190	[34minfo[0m	D:/学习/gin-vue-admin/GOVA/server/initialize/gorm.go:60	register table success
[github.com/flipped-aurora/gin-vue-admin/server]2023/11/27 - 23:09:58.192	[34minfo[0m	D:/学习/gin-vue-admin/GOVA/server/initialize/redis.go:23	redis connect ping response:	{"pong": "PONG"}
[github.com/flipped-aurora/gin-vue-admin/server]2023/11/27 - 23:09:58.194	[34minfo[0m	D:/学习/gin-vue-admin/GOVA/server/initialize/router.go:49	register swagger handler
[github.com/flipped-aurora/gin-vue-admin/server]2023/11/27 - 23:09:58.201	[34minfo[0m	D:/学习/gin-vue-admin/GOVA/server/initialize/router.go:96	router register success
[github.com/flipped-aurora/gin-vue-admin/server]2023/11/27 - 23:09:58.213	[34minfo[0m	D:/学习/gin-vue-admin/GOVA/server/core/server.go:41	server run success on 	{"address": ":8888"}
