[github.com/flipped-aurora/gin-vue-admin/server]2023/11/28 - 00:10:17.096	[34minfo[0m	D:/学习/gin-vue-admin/GOVA/server/initialize/gorm.go:60	register table success
[github.com/flipped-aurora/gin-vue-admin/server]2023/11/28 - 00:10:17.098	[34minfo[0m	D:/学习/gin-vue-admin/GOVA/server/initialize/redis.go:23	redis connect ping response:	{"pong": "PONG"}
[github.com/flipped-aurora/gin-vue-admin/server]2023/11/28 - 00:10:17.101	[34minfo[0m	D:/学习/gin-vue-admin/GOVA/server/initialize/router.go:49	register swagger handler
[github.com/flipped-aurora/gin-vue-admin/server]2023/11/28 - 00:10:17.110	[34minfo[0m	D:/学习/gin-vue-admin/GOVA/server/initialize/router.go:96	router register success
[github.com/flipped-aurora/gin-vue-admin/server]2023/11/28 - 00:10:17.114	[34minfo[0m	D:/学习/gin-vue-admin/GOVA/server/core/server.go:41	server run success on 	{"address": ":8888"}
[github.com/flipped-aurora/gin-vue-admin/server]2023/11/28 - 00:53:24.533	[34minfo[0m	D:/学习/gin-vue-admin/GOVA/server/initialize/gorm.go:60	register table success
[github.com/flipped-aurora/gin-vue-admin/server]2023/11/28 - 00:53:24.538	[34minfo[0m	D:/学习/gin-vue-admin/GOVA/server/initialize/redis.go:23	redis connect ping response:	{"pong": "PONG"}
[github.com/flipped-aurora/gin-vue-admin/server]2023/11/28 - 00:53:24.540	[34minfo[0m	D:/学习/gin-vue-admin/GOVA/server/initialize/router.go:49	register swagger handler
[github.com/flipped-aurora/gin-vue-admin/server]2023/11/28 - 00:53:24.547	[34minfo[0m	D:/学习/gin-vue-admin/GOVA/server/initialize/router.go:96	router register success
[github.com/flipped-aurora/gin-vue-admin/server]2023/11/28 - 00:53:24.550	[34minfo[0m	D:/学习/gin-vue-admin/GOVA/server/core/server.go:41	server run success on 	{"address": ":8888"}
[github.com/flipped-aurora/gin-vue-admin/server]2023/11/28 - 20:41:12.820	[34minfo[0m	D:/学习/gin-vue-admin/GOVA/server/initialize/gorm.go:60	register table success
[github.com/flipped-aurora/gin-vue-admin/server]2023/11/28 - 20:41:12.822	[34minfo[0m	D:/学习/gin-vue-admin/GOVA/server/initialize/redis.go:23	redis connect ping response:	{"pong": "PONG"}
[github.com/flipped-aurora/gin-vue-admin/server]2023/11/28 - 20:41:12.824	[34minfo[0m	D:/学习/gin-vue-admin/GOVA/server/initialize/router.go:49	register swagger handler
[github.com/flipped-aurora/gin-vue-admin/server]2023/11/28 - 20:41:12.831	[34minfo[0m	D:/学习/gin-vue-admin/GOVA/server/initialize/router.go:96	router register success
[github.com/flipped-aurora/gin-vue-admin/server]2023/11/28 - 20:41:12.833	[34minfo[0m	D:/学习/gin-vue-admin/GOVA/server/core/server.go:41	server run success on 	{"address": ":8888"}
[github.com/flipped-aurora/gin-vue-admin/server]2023/11/28 - 21:11:58.414	[34minfo[0m	D:/学习/gin-vue-admin/GOVA/server/initialize/gorm.go:60	register table success
[github.com/flipped-aurora/gin-vue-admin/server]2023/11/28 - 21:11:58.418	[34minfo[0m	D:/学习/gin-vue-admin/GOVA/server/initialize/redis.go:23	redis connect ping response:	{"pong": "PONG"}
[github.com/flipped-aurora/gin-vue-admin/server]2023/11/28 - 21:11:58.420	[34minfo[0m	D:/学习/gin-vue-admin/GOVA/server/initialize/router.go:49	register swagger handler
[github.com/flipped-aurora/gin-vue-admin/server]2023/11/28 - 21:11:58.427	[34minfo[0m	D:/学习/gin-vue-admin/GOVA/server/initialize/router.go:96	router register success
[github.com/flipped-aurora/gin-vue-admin/server]2023/11/28 - 21:11:58.443	[34minfo[0m	D:/学习/gin-vue-admin/GOVA/server/core/server.go:41	server run success on 	{"address": ":8888"}
[github.com/flipped-aurora/gin-vue-admin/server]2023/11/28 - 21:13:48.463	[34minfo[0m	D:/学习/gin-vue-admin/GOVA/server/initialize/gorm.go:60	register table success
[github.com/flipped-aurora/gin-vue-admin/server]2023/11/28 - 21:13:48.464	[34minfo[0m	D:/学习/gin-vue-admin/GOVA/server/initialize/redis.go:23	redis connect ping response:	{"pong": "PONG"}
[github.com/flipped-aurora/gin-vue-admin/server]2023/11/28 - 21:13:48.466	[34minfo[0m	D:/学习/gin-vue-admin/GOVA/server/initialize/router.go:49	register swagger handler
[github.com/flipped-aurora/gin-vue-admin/server]2023/11/28 - 21:13:48.473	[34minfo[0m	D:/学习/gin-vue-admin/GOVA/server/initialize/router.go:96	router register success
[github.com/flipped-aurora/gin-vue-admin/server]2023/11/28 - 21:13:48.483	[34minfo[0m	D:/学习/gin-vue-admin/GOVA/server/core/server.go:41	server run success on 	{"address": ":8888"}
[github.com/flipped-aurora/gin-vue-admin/server]2023/11/28 - 21:23:45.154	[34minfo[0m	D:/学习/gin-vue-admin/GOVA/server/initialize/gorm.go:60	register table success
[github.com/flipped-aurora/gin-vue-admin/server]2023/11/28 - 21:23:45.155	[34minfo[0m	D:/学习/gin-vue-admin/GOVA/server/initialize/redis.go:23	redis connect ping response:	{"pong": "PONG"}
[github.com/flipped-aurora/gin-vue-admin/server]2023/11/28 - 21:23:45.156	[34minfo[0m	D:/学习/gin-vue-admin/GOVA/server/initialize/router.go:49	register swagger handler
[github.com/flipped-aurora/gin-vue-admin/server]2023/11/28 - 21:23:45.165	[34minfo[0m	D:/学习/gin-vue-admin/GOVA/server/initialize/router.go:96	router register success
[github.com/flipped-aurora/gin-vue-admin/server]2023/11/28 - 21:23:45.176	[34minfo[0m	D:/学习/gin-vue-admin/GOVA/server/core/server.go:41	server run success on 	{"address": ":8888"}
[github.com/flipped-aurora/gin-vue-admin/server]2023/11/28 - 21:27:47.768	[34minfo[0m	D:/学习/gin-vue-admin/GOVA/server/initialize/gorm.go:60	register table success
[github.com/flipped-aurora/gin-vue-admin/server]2023/11/28 - 21:27:47.770	[34minfo[0m	D:/学习/gin-vue-admin/GOVA/server/initialize/redis.go:23	redis connect ping response:	{"pong": "PONG"}
[github.com/flipped-aurora/gin-vue-admin/server]2023/11/28 - 21:27:47.772	[34minfo[0m	D:/学习/gin-vue-admin/GOVA/server/initialize/router.go:49	register swagger handler
[github.com/flipped-aurora/gin-vue-admin/server]2023/11/28 - 21:27:47.779	[34minfo[0m	D:/学习/gin-vue-admin/GOVA/server/initialize/router.go:96	router register success
[github.com/flipped-aurora/gin-vue-admin/server]2023/11/28 - 21:27:47.789	[34minfo[0m	D:/学习/gin-vue-admin/GOVA/server/core/server.go:41	server run success on 	{"address": ":8888"}
[github.com/flipped-aurora/gin-vue-admin/server]2023/11/28 - 21:55:38.558	[34minfo[0m	D:/学习/gin-vue-admin/GOVA/server/initialize/gorm.go:60	register table success
[github.com/flipped-aurora/gin-vue-admin/server]2023/11/28 - 21:55:38.649	[34minfo[0m	D:/学习/gin-vue-admin/GOVA/server/initialize/router.go:49	register swagger handler
[github.com/flipped-aurora/gin-vue-admin/server]2023/11/28 - 21:55:38.656	[34minfo[0m	D:/学习/gin-vue-admin/GOVA/server/initialize/router.go:96	router register success
[github.com/flipped-aurora/gin-vue-admin/server]2023/11/28 - 21:55:38.661	[34minfo[0m	D:/学习/gin-vue-admin/GOVA/server/core/server.go:41	server run success on 	{"address": ":8888"}
[github.com/flipped-aurora/gin-vue-admin/server]2023/11/28 - 22:22:26.025	[34minfo[0m	D:/学习/gin-vue-admin/GOVA/server/initialize/gorm.go:60	register table success
[github.com/flipped-aurora/gin-vue-admin/server]2023/11/28 - 22:22:26.033	[34minfo[0m	D:/学习/gin-vue-admin/GOVA/server/initialize/redis.go:23	redis connect ping response:	{"pong": "PONG"}
[github.com/flipped-aurora/gin-vue-admin/server]2023/11/28 - 22:22:26.036	[34minfo[0m	D:/学习/gin-vue-admin/GOVA/server/initialize/router.go:49	register swagger handler
[github.com/flipped-aurora/gin-vue-admin/server]2023/11/28 - 22:22:26.043	[34minfo[0m	D:/学习/gin-vue-admin/GOVA/server/initialize/router.go:96	router register success
[github.com/flipped-aurora/gin-vue-admin/server]2023/11/28 - 22:22:26.049	[34minfo[0m	D:/学习/gin-vue-admin/GOVA/server/core/server.go:41	server run success on 	{"address": ":8888"}
