[github.com/flipped-aurora/gin-vue-admin/server]2023/11/11 - 13:29:20.951	[34minfo[0m	D:/å­¦ä¹ /gin-vue-admin/server/initialize/router.go:49	register swagger handler
[github.com/flipped-aurora/gin-vue-admin/server]2023/11/11 - 13:29:20.971	[34minfo[0m	D:/å­¦ä¹ /gin-vue-admin/server/initialize/router.go:86	router register success
[github.com/flipped-aurora/gin-vue-admin/server]2023/11/11 - 13:29:20.982	[34minfo[0m	D:/å­¦ä¹ /gin-vue-admin/server/core/server.go:41	server run success on 	{"address": ":8888"}
[github.com/flipped-aurora/gin-vue-admin/server]2023/11/11 - 13:33:32.795	[34minfo[0m	D:/å­¦ä¹ /gin-vue-admin/server/api/v1/system/sys_initdb.go:57	å‰å¾€åˆå§‹åŒ–æ•°æ®åº“
[github.com/flipped-aurora/gin-vue-admin/server]2023/11/11 - 13:44:03.835	[34minfo[0m	D:/å­¦ä¹ /gin-vue-admin/server/initialize/gorm.go:60	register table success
[github.com/flipped-aurora/gin-vue-admin/server]2023/11/11 - 13:44:03.836	[34minfo[0m	D:/å­¦ä¹ /gin-vue-admin/server/initialize/router.go:49	register swagger handler
[github.com/flipped-aurora/gin-vue-admin/server]2023/11/11 - 13:44:03.842	[34minfo[0m	D:/å­¦ä¹ /gin-vue-admin/server/initialize/router.go:90	router register success
[github.com/flipped-aurora/gin-vue-admin/server]2023/11/11 - 13:44:03.846	[34minfo[0m	D:/å­¦ä¹ /gin-vue-admin/server/core/server.go:41	server run success on 	{"address": ":8888"}
[github.com/flipped-aurora/gin-vue-admin/server]2023/11/11 - 19:45:41.784	[34minfo[0m	D:/å­¦ä¹ /gin-vue-admin/server/initialize/gorm.go:60	register table success
[github.com/flipped-aurora/gin-vue-admin/server]2023/11/11 - 19:45:41.785	[34minfo[0m	D:/å­¦ä¹ /gin-vue-admin/server/initialize/router.go:49	register swagger handler
[github.com/flipped-aurora/gin-vue-admin/server]2023/11/11 - 19:45:41.792	[34minfo[0m	D:/å­¦ä¹ /gin-vue-admin/server/initialize/router.go:90	router register success
[github.com/flipped-aurora/gin-vue-admin/server]2023/11/11 - 19:45:41.795	[34minfo[0m	D:/å­¦ä¹ /gin-vue-admin/server/core/server.go:41	server run success on 	{"address": ":8888"}
[github.com/flipped-aurora/gin-vue-admin/server]2023/11/11 - 22:50:42.933	[34minfo[0m	D:/å­¦ä¹ /gin-vue-admin/server/initialize/gorm.go:60	register table success
[github.com/flipped-aurora/gin-vue-admin/server]2023/11/11 - 22:50:42.935	[34minfo[0m	D:/å­¦ä¹ /gin-vue-admin/server/initialize/router.go:49	register swagger handler
[github.com/flipped-aurora/gin-vue-admin/server]2023/11/11 - 22:50:42.941	[34minfo[0m	D:/å­¦ä¹ /gin-vue-admin/server/initialize/router.go:91	router register success
[github.com/flipped-aurora/gin-vue-admin/server]2023/11/11 - 22:50:42.950	[34minfo[0m	D:/å­¦ä¹ /gin-vue-admin/server/core/server.go:41	server run success on 	{"address": ":8888"}
[github.com/flipped-aurora/gin-vue-admin/server]2023/11/11 - 23:08:21.072	[34minfo[0m	D:/å­¦ä¹ /gin-vue-admin/server/initialize/gorm.go:60	register table success
[github.com/flipped-aurora/gin-vue-admin/server]2023/11/11 - 23:08:21.073	[34minfo[0m	D:/å­¦ä¹ /gin-vue-admin/server/initialize/router.go:49	register swagger handler
[github.com/flipped-aurora/gin-vue-admin/server]2023/11/11 - 23:08:21.080	[34minfo[0m	D:/å­¦ä¹ /gin-vue-admin/server/initialize/router.go:92	router register success
[github.com/flipped-aurora/gin-vue-admin/server]2023/11/11 - 23:08:21.084	[34minfo[0m	D:/å­¦ä¹ /gin-vue-admin/server/core/server.go:41	server run success on 	{"address": ":8888"}
